2022-09-06 19:52:57.574 INFO  o.j.p.w.WikiKnowledgeHubApplication               :55   [32m                  [0;39m Starting WikiKnowledgeHubApplication using Java 1.8.0_191 on WIN-1EARLKCQ3SV with PID 35760 (E:\ideaProjects\wiki_knowledge_hub\target\classes started by Administrator in E:\ideaProjects\wiki_knowledge_hub)
2022-09-06 19:52:57.585 INFO  o.j.p.w.WikiKnowledgeHubApplication               :637  [32m                  [0;39m No active profile set, falling back to default profiles: default
2022-09-06 19:52:57.765 INFO  o.s.b.d.env.DevToolsPropertyDefaultsPostProcessor :255  [32m                  [0;39m Devtools property defaults active! Set 'spring.devtools.add-properties' to 'false' to disable
2022-09-06 19:52:57.766 INFO  o.s.b.d.env.DevToolsPropertyDefaultsPostProcessor :255  [32m                  [0;39m For additional web related logging consider setting the 'logging.level.web' property to 'DEBUG'
2022-09-06 19:53:00.709 INFO  o.s.boot.web.embedded.tomcat.TomcatWebServer      :108  [32m                  [0;39m Tomcat initialized with port(s): 8088 (http)
2022-09-06 19:53:00.734 INFO  org.apache.coyote.http11.Http11NioProtocol        :173  [32m                  [0;39m Initializing ProtocolHandler ["http-nio-8088"]
2022-09-06 19:53:00.736 INFO  org.apache.catalina.core.StandardService          :173  [32m                  [0;39m Starting service [Tomcat]
2022-09-06 19:53:00.737 INFO  org.apache.catalina.core.StandardEngine           :173  [32m                  [0;39m Starting Servlet engine: [Apache Tomcat/9.0.56]
2022-09-06 19:53:01.151 INFO  o.a.c.core.ContainerBase.[Tomcat].[localhost].[/] :173  [32m                  [0;39m Initializing Spring embedded WebApplicationContext
2022-09-06 19:53:01.153 INFO  o.s.b.w.s.c.ServletWebServerApplicationContext    :290  [32m                  [0;39m Root WebApplicationContext: initialization completed in 3383 ms
2022-09-06 19:53:02.650 INFO  o.s.b.d.autoconfigure.OptionalLiveReloadServer    :58   [32m                  [0;39m LiveReload server is running on port 35729
2022-09-06 19:53:02.682 INFO  org.apache.coyote.http11.Http11NioProtocol        :173  [32m                  [0;39m Starting ProtocolHandler ["http-nio-8088"]
2022-09-06 19:53:02.719 INFO  o.s.boot.web.embedded.tomcat.TomcatWebServer      :220  [32m                  [0;39m Tomcat started on port(s): 8088 (http) with context path ''
2022-09-06 19:53:02.742 INFO  o.j.p.w.WikiKnowledgeHubApplication               :61   [32m                  [0;39m Started WikiKnowledgeHubApplication in 6.674 seconds (JVM running for 10.389)
2022-09-06 19:53:02.749 INFO  o.j.p.w.WikiKnowledgeHubApplication               :20   [32m                  [0;39m 启动成功
2022-09-06 19:53:02.750 INFO  o.j.p.w.WikiKnowledgeHubApplication               :22   [32m                  [0;39m 端口： 8088
2022-09-06 19:53:11.295 INFO  o.a.c.core.ContainerBase.[Tomcat].[localhost].[/] :173  [32m                  [0;39m Initializing Spring DispatcherServlet 'dispatcherServlet'
2022-09-06 19:53:11.296 INFO  org.springframework.web.servlet.DispatcherServlet :525  [32m                  [0;39m Initializing Servlet 'dispatcherServlet'
2022-09-06 19:53:11.298 INFO  org.springframework.web.servlet.DispatcherServlet :547  [32m                  [0;39m Completed initialization in 2 ms
2022-09-06 19:53:11.409 INFO  com.zaxxer.hikari.HikariDataSource                :110  [32m                  [0;39m HikariPool-1 - Starting...
2022-09-06 19:53:12.438 INFO  com.zaxxer.hikari.HikariDataSource                :123  [32m                  [0;39m HikariPool-1 - Start completed.
