2022-08-08 23:07:59.108 INFO  o.j.p.w.WikiKnowledgeHubApplication               :55   [32m                  [0;39m Starting WikiKnowledgeHubApplication using Java 1.8.0_191 on WIN-1EARLKCQ3SV with PID 6844 (E:\ideaProjects\wiki_knowledge_hub\target\classes started by Administrator in E:\ideaProjects\wiki_knowledge_hub)
2022-08-08 23:07:59.117 INFO  o.j.p.w.WikiKnowledgeHubApplication               :637  [32m                  [0;39m No active profile set, falling back to default profiles: default
2022-08-08 23:07:59.291 INFO  o.s.b.d.env.DevToolsPropertyDefaultsPostProcessor :255  [32m                  [0;39m Devtools property defaults active! Set 'spring.devtools.add-properties' to 'false' to disable
2022-08-08 23:07:59.293 INFO  o.s.b.d.env.DevToolsPropertyDefaultsPostProcessor :255  [32m                  [0;39m For additional web related logging consider setting the 'logging.level.web' property to 'DEBUG'
2022-08-08 23:08:01.783 INFO  o.s.boot.web.embedded.tomcat.TomcatWebServer      :108  [32m                  [0;39m Tomcat initialized with port(s): 8088 (http)
2022-08-08 23:08:01.801 INFO  org.apache.coyote.http11.Http11NioProtocol        :173  [32m                  [0;39m Initializing ProtocolHandler ["http-nio-8088"]
2022-08-08 23:08:01.803 INFO  org.apache.catalina.core.StandardService          :173  [32m                  [0;39m Starting service [Tomcat]
2022-08-08 23:08:01.804 INFO  org.apache.catalina.core.StandardEngine           :173  [32m                  [0;39m Starting Servlet engine: [Apache Tomcat/9.0.56]
2022-08-08 23:08:02.001 INFO  o.a.c.core.ContainerBase.[Tomcat].[localhost].[/] :173  [32m                  [0;39m Initializing Spring embedded WebApplicationContext
2022-08-08 23:08:02.001 INFO  o.s.b.w.s.c.ServletWebServerApplicationContext    :290  [32m                  [0;39m Root WebApplicationContext: initialization completed in 2705 ms
2022-08-08 23:08:03.624 INFO  o.s.b.d.autoconfigure.OptionalLiveReloadServer    :58   [32m                  [0;39m LiveReload server is running on port 35729
2022-08-08 23:08:03.689 INFO  org.apache.coyote.http11.Http11NioProtocol        :173  [32m                  [0;39m Starting ProtocolHandler ["http-nio-8088"]
2022-08-08 23:08:03.735 INFO  o.s.boot.web.embedded.tomcat.TomcatWebServer      :220  [32m                  [0;39m Tomcat started on port(s): 8088 (http) with context path ''
2022-08-08 23:08:03.767 INFO  o.j.p.w.WikiKnowledgeHubApplication               :61   [32m                  [0;39m Started WikiKnowledgeHubApplication in 5.981 seconds (JVM running for 9.622)
2022-08-08 23:08:03.777 INFO  o.j.p.w.WikiKnowledgeHubApplication               :20   [32m                  [0;39m 启动成功
2022-08-08 23:08:03.778 INFO  o.j.p.w.WikiKnowledgeHubApplication               :22   [32m                  [0;39m 端口： 8088
2022-08-08 23:08:12.088 INFO  o.a.c.core.ContainerBase.[Tomcat].[localhost].[/] :173  [32m                  [0;39m Initializing Spring DispatcherServlet 'dispatcherServlet'
2022-08-08 23:08:12.089 INFO  org.springframework.web.servlet.DispatcherServlet :525  [32m                  [0;39m Initializing Servlet 'dispatcherServlet'
2022-08-08 23:08:12.093 INFO  org.springframework.web.servlet.DispatcherServlet :547  [32m                  [0;39m Completed initialization in 3 ms
2022-08-08 23:09:18.449 INFO  o.j.p.w.WikiKnowledgeHubApplication               :55   [32m                  [0;39m Starting WikiKnowledgeHubApplication using Java 1.8.0_191 on WIN-1EARLKCQ3SV with PID 6844 (E:\ideaProjects\wiki_knowledge_hub\target\classes started by Administrator in E:\ideaProjects\wiki_knowledge_hub)
2022-08-08 23:09:18.449 INFO  o.j.p.w.WikiKnowledgeHubApplication               :637  [32m                  [0;39m No active profile set, falling back to default profiles: default
2022-08-08 23:09:18.818 INFO  o.s.boot.web.embedded.tomcat.TomcatWebServer      :108  [32m                  [0;39m Tomcat initialized with port(s): 8088 (http)
2022-08-08 23:09:18.819 INFO  org.apache.coyote.http11.Http11NioProtocol        :173  [32m                  [0;39m Initializing ProtocolHandler ["http-nio-8088"]
2022-08-08 23:09:18.820 INFO  org.apache.catalina.core.StandardService          :173  [32m                  [0;39m Starting service [Tomcat]
2022-08-08 23:09:18.821 INFO  org.apache.catalina.core.StandardEngine           :173  [32m                  [0;39m Starting Servlet engine: [Apache Tomcat/9.0.56]
2022-08-08 23:09:18.855 INFO  o.a.c.core.ContainerBase.[Tomcat].[localhost].[/] :173  [32m                  [0;39m Initializing Spring embedded WebApplicationContext
2022-08-08 23:09:18.856 INFO  o.s.b.w.s.c.ServletWebServerApplicationContext    :290  [32m                  [0;39m Root WebApplicationContext: initialization completed in 403 ms
2022-08-08 23:09:19.128 INFO  o.s.b.d.autoconfigure.OptionalLiveReloadServer    :58   [32m                  [0;39m LiveReload server is running on port 35729
2022-08-08 23:09:19.146 INFO  org.apache.coyote.http11.Http11NioProtocol        :173  [32m                  [0;39m Starting ProtocolHandler ["http-nio-8088"]
2022-08-08 23:09:19.150 INFO  o.s.boot.web.embedded.tomcat.TomcatWebServer      :220  [32m                  [0;39m Tomcat started on port(s): 8088 (http) with context path ''
2022-08-08 23:09:19.159 INFO  o.j.p.w.WikiKnowledgeHubApplication               :61   [32m                  [0;39m Started WikiKnowledgeHubApplication in 0.753 seconds (JVM running for 85.013)
2022-08-08 23:09:19.163 INFO  o.s.b.d.a.ConditionEvaluationDeltaLoggingListener :63   [32m                  [0;39m Condition evaluation unchanged
2022-08-08 23:09:19.164 INFO  o.j.p.w.WikiKnowledgeHubApplication               :20   [32m                  [0;39m 启动成功
2022-08-08 23:09:19.165 INFO  o.j.p.w.WikiKnowledgeHubApplication               :22   [32m                  [0;39m 端口： 8088
2022-08-08 23:09:21.858 INFO  o.j.p.w.WikiKnowledgeHubApplication               :55   [32m                  [0;39m Starting WikiKnowledgeHubApplication using Java 1.8.0_191 on WIN-1EARLKCQ3SV with PID 6844 (E:\ideaProjects\wiki_knowledge_hub\target\classes started by Administrator in E:\ideaProjects\wiki_knowledge_hub)
2022-08-08 23:09:21.859 INFO  o.j.p.w.WikiKnowledgeHubApplication               :637  [32m                  [0;39m No active profile set, falling back to default profiles: default
2022-08-08 23:09:22.306 INFO  o.s.boot.web.embedded.tomcat.TomcatWebServer      :108  [32m                  [0;39m Tomcat initialized with port(s): 8088 (http)
2022-08-08 23:09:22.308 INFO  org.apache.coyote.http11.Http11NioProtocol        :173  [32m                  [0;39m Initializing ProtocolHandler ["http-nio-8088"]
2022-08-08 23:09:22.308 INFO  org.apache.catalina.core.StandardService          :173  [32m                  [0;39m Starting service [Tomcat]
2022-08-08 23:09:22.309 INFO  org.apache.catalina.core.StandardEngine           :173  [32m                  [0;39m Starting Servlet engine: [Apache Tomcat/9.0.56]
2022-08-08 23:09:22.367 INFO  o.a.c.core.ContainerBase.[Tomcat].[localhost].[/] :173  [32m                  [0;39m Initializing Spring embedded WebApplicationContext
2022-08-08 23:09:22.368 INFO  o.s.b.w.s.c.ServletWebServerApplicationContext    :290  [32m                  [0;39m Root WebApplicationContext: initialization completed in 500 ms
2022-08-08 23:09:22.652 INFO  o.s.b.d.autoconfigure.OptionalLiveReloadServer    :58   [32m                  [0;39m LiveReload server is running on port 35729
2022-08-08 23:09:22.665 INFO  org.apache.coyote.http11.Http11NioProtocol        :173  [32m                  [0;39m Starting ProtocolHandler ["http-nio-8088"]
2022-08-08 23:09:22.669 INFO  o.s.boot.web.embedded.tomcat.TomcatWebServer      :220  [32m                  [0;39m Tomcat started on port(s): 8088 (http) with context path ''
2022-08-08 23:09:22.676 INFO  o.j.p.w.WikiKnowledgeHubApplication               :61   [32m                  [0;39m Started WikiKnowledgeHubApplication in 0.9 seconds (JVM running for 88.53)
2022-08-08 23:09:22.679 INFO  o.s.b.d.a.ConditionEvaluationDeltaLoggingListener :63   [32m                  [0;39m Condition evaluation unchanged
2022-08-08 23:09:22.681 INFO  o.j.p.w.WikiKnowledgeHubApplication               :20   [32m                  [0;39m 启动成功
2022-08-08 23:09:22.682 INFO  o.j.p.w.WikiKnowledgeHubApplication               :22   [32m                  [0;39m 端口： 8088
2022-08-08 23:09:28.994 INFO  o.a.c.core.ContainerBase.[Tomcat].[localhost].[/] :173  [32m                  [0;39m Initializing Spring DispatcherServlet 'dispatcherServlet'
2022-08-08 23:09:28.995 INFO  org.springframework.web.servlet.DispatcherServlet :525  [32m                  [0;39m Initializing Servlet 'dispatcherServlet'
2022-08-08 23:09:29.000 INFO  org.springframework.web.servlet.DispatcherServlet :547  [32m                  [0;39m Completed initialization in 4 ms
2022-08-08 23:16:51.138 INFO  o.j.p.w.WikiKnowledgeHubApplication               :55   [32m                  [0;39m Starting WikiKnowledgeHubApplication using Java 1.8.0_191 on WIN-1EARLKCQ3SV with PID 22700 (E:\ideaProjects\wiki_knowledge_hub\target\classes started by Administrator in E:\ideaProjects\wiki_knowledge_hub)
2022-08-08 23:16:51.143 INFO  o.j.p.w.WikiKnowledgeHubApplication               :637  [32m                  [0;39m No active profile set, falling back to default profiles: default
2022-08-08 23:16:51.329 INFO  o.s.b.d.env.DevToolsPropertyDefaultsPostProcessor :255  [32m                  [0;39m Devtools property defaults active! Set 'spring.devtools.add-properties' to 'false' to disable
2022-08-08 23:16:51.330 INFO  o.s.b.d.env.DevToolsPropertyDefaultsPostProcessor :255  [32m                  [0;39m For additional web related logging consider setting the 'logging.level.web' property to 'DEBUG'
2022-08-08 23:16:53.945 INFO  o.s.boot.web.embedded.tomcat.TomcatWebServer      :108  [32m                  [0;39m Tomcat initialized with port(s): 8088 (http)
2022-08-08 23:16:53.968 INFO  org.apache.coyote.http11.Http11NioProtocol        :173  [32m                  [0;39m Initializing ProtocolHandler ["http-nio-8088"]
2022-08-08 23:16:53.970 INFO  org.apache.catalina.core.StandardService          :173  [32m                  [0;39m Starting service [Tomcat]
2022-08-08 23:16:53.971 INFO  org.apache.catalina.core.StandardEngine           :173  [32m                  [0;39m Starting Servlet engine: [Apache Tomcat/9.0.56]
2022-08-08 23:16:54.173 INFO  o.a.c.core.ContainerBase.[Tomcat].[localhost].[/] :173  [32m                  [0;39m Initializing Spring embedded WebApplicationContext
2022-08-08 23:16:54.174 INFO  o.s.b.w.s.c.ServletWebServerApplicationContext    :290  [32m                  [0;39m Root WebApplicationContext: initialization completed in 2841 ms
2022-08-08 23:16:55.725 WARN  o.s.b.d.autoconfigure.OptionalLiveReloadServer    :61   [32m                  [0;39m Unable to start LiveReload server
2022-08-08 23:16:55.780 INFO  org.apache.coyote.http11.Http11NioProtocol        :173  [32m                  [0;39m Starting ProtocolHandler ["http-nio-8088"]
2022-08-08 23:16:55.794 WARN  o.s.b.w.s.c.AnnotationConfigServletWebServerApplicationContext:591  [32m                  [0;39m Exception encountered during context initialization - cancelling refresh attempt: org.springframework.context.ApplicationContextException: Failed to start bean 'webServerStartStop'; nested exception is org.springframework.boot.web.server.PortInUseException: Port 8088 is already in use
2022-08-08 23:16:55.810 INFO  org.apache.coyote.http11.Http11NioProtocol        :173  [32m                  [0;39m Pausing ProtocolHandler ["http-nio-8088"]
2022-08-08 23:16:55.811 INFO  org.apache.catalina.core.StandardService          :173  [32m                  [0;39m Stopping service [Tomcat]
2022-08-08 23:16:55.823 INFO  org.apache.coyote.http11.Http11NioProtocol        :173  [32m                  [0;39m Stopping ProtocolHandler ["http-nio-8088"]
2022-08-08 23:16:55.825 INFO  org.apache.coyote.http11.Http11NioProtocol        :173  [32m                  [0;39m Destroying ProtocolHandler ["http-nio-8088"]
2022-08-08 23:16:55.845 INFO  o.s.b.a.l.ConditionEvaluationReportLoggingListener:136  [32m                  [0;39m 

Error starting ApplicationContext. To display the conditions report re-run your application with 'debug' enabled.
2022-08-08 23:16:55.892 ERROR o.s.b.diagnostics.LoggingFailureAnalysisReporter  :40   [32m                  [0;39m 

***************************
APPLICATION FAILED TO START
***************************

Description:

Web server failed to start. Port 8088 was already in use.

Action:

Identify and stop the process that's listening on port 8088 or configure this application to listen on another port.

2022-08-08 23:17:22.060 INFO  o.j.p.w.WikiKnowledgeHubApplication               :55   [32m                  [0;39m Starting WikiKnowledgeHubApplication using Java 1.8.0_191 on WIN-1EARLKCQ3SV with PID 25396 (E:\ideaProjects\wiki_knowledge_hub\target\classes started by Administrator in E:\ideaProjects\wiki_knowledge_hub)
2022-08-08 23:17:22.065 INFO  o.j.p.w.WikiKnowledgeHubApplication               :637  [32m                  [0;39m No active profile set, falling back to default profiles: default
2022-08-08 23:17:22.254 INFO  o.s.b.d.env.DevToolsPropertyDefaultsPostProcessor :255  [32m                  [0;39m Devtools property defaults active! Set 'spring.devtools.add-properties' to 'false' to disable
2022-08-08 23:17:22.256 INFO  o.s.b.d.env.DevToolsPropertyDefaultsPostProcessor :255  [32m                  [0;39m For additional web related logging consider setting the 'logging.level.web' property to 'DEBUG'
2022-08-08 23:17:24.979 INFO  o.s.boot.web.embedded.tomcat.TomcatWebServer      :108  [32m                  [0;39m Tomcat initialized with port(s): 8088 (http)
2022-08-08 23:17:24.997 INFO  org.apache.coyote.http11.Http11NioProtocol        :173  [32m                  [0;39m Initializing ProtocolHandler ["http-nio-8088"]
2022-08-08 23:17:25.000 INFO  org.apache.catalina.core.StandardService          :173  [32m                  [0;39m Starting service [Tomcat]
2022-08-08 23:17:25.001 INFO  org.apache.catalina.core.StandardEngine           :173  [32m                  [0;39m Starting Servlet engine: [Apache Tomcat/9.0.56]
2022-08-08 23:17:25.247 INFO  o.a.c.core.ContainerBase.[Tomcat].[localhost].[/] :173  [32m                  [0;39m Initializing Spring embedded WebApplicationContext
2022-08-08 23:17:25.248 INFO  o.s.b.w.s.c.ServletWebServerApplicationContext    :290  [32m                  [0;39m Root WebApplicationContext: initialization completed in 2989 ms
2022-08-08 23:17:26.899 INFO  o.s.b.d.autoconfigure.OptionalLiveReloadServer    :58   [32m                  [0;39m LiveReload server is running on port 35729
2022-08-08 23:17:26.936 INFO  org.apache.coyote.http11.Http11NioProtocol        :173  [32m                  [0;39m Starting ProtocolHandler ["http-nio-8088"]
2022-08-08 23:17:26.970 INFO  o.s.boot.web.embedded.tomcat.TomcatWebServer      :220  [32m                  [0;39m Tomcat started on port(s): 8088 (http) with context path ''
2022-08-08 23:17:26.994 INFO  o.j.p.w.WikiKnowledgeHubApplication               :61   [32m                  [0;39m Started WikiKnowledgeHubApplication in 6.021 seconds (JVM running for 7.615)
2022-08-08 23:17:27.001 INFO  o.j.p.w.WikiKnowledgeHubApplication               :20   [32m                  [0;39m 启动成功
2022-08-08 23:17:27.002 INFO  o.j.p.w.WikiKnowledgeHubApplication               :22   [32m                  [0;39m 端口： 8088
2022-08-08 23:17:38.569 INFO  o.a.c.core.ContainerBase.[Tomcat].[localhost].[/] :173  [32m                  [0;39m Initializing Spring DispatcherServlet 'dispatcherServlet'
2022-08-08 23:17:38.570 INFO  org.springframework.web.servlet.DispatcherServlet :525  [32m                  [0;39m Initializing Servlet 'dispatcherServlet'
2022-08-08 23:17:38.572 INFO  org.springframework.web.servlet.DispatcherServlet :547  [32m                  [0;39m Completed initialization in 2 ms
